
*** Running vivado
    with args -log selDat.vds -m64 -product Vivado -mode batch -messageDb vivado.pb -notrace -source selDat.tcl


****** Vivado v2019.2 (64-bit)
  **** SW Build 2708876 on Wed Nov  6 21:39:14 MST 2019
  **** IP Build 2700528 on Thu Nov  7 00:09:20 MST 2019
    ** Copyright 1986-2019 Xilinx, Inc. All Rights Reserved.

source selDat.tcl -notrace
Command: synth_design -top selDat -part xc7a100tcsg324-1
Starting synth_design
Attempting to get a license for feature 'Synthesis' and/or device 'xc7a100t'
INFO: [Common 17-349] Got license for feature 'Synthesis' and/or device 'xc7a100t'
INFO: Launching helper process for spawning children vivado processes
INFO: Helper process launched with PID 11897 
---------------------------------------------------------------------------------
Starting Synthesize : Time (s): cpu = 00:00:04 ; elapsed = 00:00:07 . Memory (MB): peak = 1658.172 ; gain = 183.613 ; free physical = 3240 ; free virtual = 9415
---------------------------------------------------------------------------------
INFO: [Synth 8-6157] synthesizing module 'selDat' [/home/esteban/digitalI/practices/BCDto4SSeg/BCDto4SSeg.srcs/sources_1/new/selDat.v:3]
INFO: [Synth 8-6157] synthesizing module 'mfreDiv' [/home/esteban/digitalI/practices/BCDto4SSeg/BCDto4SSeg.srcs/sources_1/new/freDiv.v:4]
INFO: [Synth 8-6155] done synthesizing module 'mfreDiv' (1#1) [/home/esteban/digitalI/practices/BCDto4SSeg/BCDto4SSeg.srcs/sources_1/new/freDiv.v:4]
INFO: [Synth 8-6157] synthesizing module 'BCDtoSeg' [/home/esteban/digitalI/practices/BCDto4SSeg/BCDto4SSeg.srcs/sources_1/new/BCDtoSeg.v:3]
INFO: [Synth 8-226] default block is never used [/home/esteban/digitalI/practices/BCDto4SSeg/BCDto4SSeg.srcs/sources_1/new/BCDtoSeg.v:14]
INFO: [Synth 8-6155] done synthesizing module 'BCDtoSeg' (2#1) [/home/esteban/digitalI/practices/BCDto4SSeg/BCDto4SSeg.srcs/sources_1/new/BCDtoSeg.v:3]
INFO: [Synth 8-6157] synthesizing module 'selAn' [/home/esteban/digitalI/practices/BCDto4SSeg/BCDto4SSeg.srcs/sources_1/new/selAn.v:3]
INFO: [Synth 8-226] default block is never used [/home/esteban/digitalI/practices/BCDto4SSeg/BCDto4SSeg.srcs/sources_1/new/selAn.v:15]
INFO: [Synth 8-6155] done synthesizing module 'selAn' (3#1) [/home/esteban/digitalI/practices/BCDto4SSeg/BCDto4SSeg.srcs/sources_1/new/selAn.v:3]
INFO: [Synth 8-6155] done synthesizing module 'selDat' (4#1) [/home/esteban/digitalI/practices/BCDto4SSeg/BCDto4SSeg.srcs/sources_1/new/selDat.v:3]
---------------------------------------------------------------------------------
Finished Synthesize : Time (s): cpu = 00:00:05 ; elapsed = 00:00:08 . Memory (MB): peak = 1719.922 ; gain = 245.363 ; free physical = 3337 ; free virtual = 9497
---------------------------------------------------------------------------------
---------------------------------------------------------------------------------
Finished Constraint Validation : Time (s): cpu = 00:00:06 ; elapsed = 00:00:09 . Memory (MB): peak = 1719.922 ; gain = 245.363 ; free physical = 3332 ; free virtual = 9493
---------------------------------------------------------------------------------
---------------------------------------------------------------------------------
Start Loading Part and Timing Information
---------------------------------------------------------------------------------
Loading part: xc7a100tcsg324-1
INFO: [Device 21-403] Loading part xc7a100tcsg324-1
---------------------------------------------------------------------------------
Finished Loading Part and Timing Information : Time (s): cpu = 00:00:06 ; elapsed = 00:00:09 . Memory (MB): peak = 1727.926 ; gain = 253.367 ; free physical = 3332 ; free virtual = 9493
---------------------------------------------------------------------------------
---------------------------------------------------------------------------------
Finished RTL Optimization Phase 2 : Time (s): cpu = 00:00:06 ; elapsed = 00:00:09 . Memory (MB): peak = 1745.738 ; gain = 271.180 ; free physical = 3323 ; free virtual = 9485
---------------------------------------------------------------------------------

Report RTL Partitions: 
+-+--------------+------------+----------+
| |RTL Partition |Replication |Instances |
+-+--------------+------------+----------+
+-+--------------+------------+----------+
No constraint files found.
---------------------------------------------------------------------------------
Start RTL Component Statistics 
---------------------------------------------------------------------------------
Detailed RTL Component Info : 
+---Adders : 
	   2 Input      2 Bit       Adders := 1     
+---Registers : 
	                7 Bit    Registers := 1     
	                4 Bit    Registers := 2     
	                2 Bit    Registers := 1     
	                1 Bit    Registers := 1     
+---Muxes : 
	   4 Input      4 Bit        Muxes := 1     
	   5 Input      4 Bit        Muxes := 1     
---------------------------------------------------------------------------------
Finished RTL Component Statistics 
---------------------------------------------------------------------------------
---------------------------------------------------------------------------------
Start RTL Hierarchical Component Statistics 
---------------------------------------------------------------------------------
Hierarchical RTL Component report 
Module selDat 
Detailed RTL Component Info : 
+---Registers : 
	                4 Bit    Registers := 1     
+---Muxes : 
	   5 Input      4 Bit        Muxes := 1     
Module mfreDiv 
Detailed RTL Component Info : 
+---Registers : 
	                1 Bit    Registers := 1     
Module BCDtoSeg 
Detailed RTL Component Info : 
+---Registers : 
	                7 Bit    Registers := 1     
Module selAn 
Detailed RTL Component Info : 
+---Adders : 
	   2 Input      2 Bit       Adders := 1     
+---Registers : 
	                4 Bit    Registers := 1     
	                2 Bit    Registers := 1     
+---Muxes : 
	   4 Input      4 Bit        Muxes := 1     
---------------------------------------------------------------------------------
Finished RTL Hierarchical Component Statistics
---------------------------------------------------------------------------------
---------------------------------------------------------------------------------
Start Part Resource Summary
---------------------------------------------------------------------------------
Part Resources:
DSPs: 240 (col length:80)
BRAMs: 270 (col length: RAMB18 80 RAMB36 40)
---------------------------------------------------------------------------------
Finished Part Resource Summary
---------------------------------------------------------------------------------
No constraint files found.
---------------------------------------------------------------------------------
Start Cross Boundary and Area Optimization
---------------------------------------------------------------------------------
Warning: Parallel synthesis criteria is not met 
---------------------------------------------------------------------------------
Finished Cross Boundary and Area Optimization : Time (s): cpu = 00:00:10 ; elapsed = 00:00:16 . Memory (MB): peak = 1878.121 ; gain = 403.562 ; free physical = 3077 ; free virtual = 9260
---------------------------------------------------------------------------------

Report RTL Partitions: 
+-+--------------+------------+----------+
| |RTL Partition |Replication |Instances |
+-+--------------+------------+----------+
+-+--------------+------------+----------+
No constraint files found.
---------------------------------------------------------------------------------
Start Timing Optimization
---------------------------------------------------------------------------------
---------------------------------------------------------------------------------
Finished Timing Optimization : Time (s): cpu = 00:00:11 ; elapsed = 00:00:16 . Memory (MB): peak = 1878.121 ; gain = 403.562 ; free physical = 3076 ; free virtual = 9259
---------------------------------------------------------------------------------

Report RTL Partitions: 
+-+--------------+------------+----------+
| |RTL Partition |Replication |Instances |
+-+--------------+------------+----------+
+-+--------------+------------+----------+
---------------------------------------------------------------------------------
Start Technology Mapping
---------------------------------------------------------------------------------
---------------------------------------------------------------------------------
Finished Technology Mapping : Time (s): cpu = 00:00:11 ; elapsed = 00:00:16 . Memory (MB): peak = 1878.121 ; gain = 403.562 ; free physical = 3075 ; free virtual = 9258
---------------------------------------------------------------------------------

Report RTL Partitions: 
+-+--------------+------------+----------+
| |RTL Partition |Replication |Instances |
+-+--------------+------------+----------+
+-+--------------+------------+----------+
---------------------------------------------------------------------------------
Start IO Insertion
---------------------------------------------------------------------------------
---------------------------------------------------------------------------------
Start Flattening Before IO Insertion
---------------------------------------------------------------------------------
---------------------------------------------------------------------------------
Finished Flattening Before IO Insertion
---------------------------------------------------------------------------------
---------------------------------------------------------------------------------
Start Final Netlist Cleanup
---------------------------------------------------------------------------------
---------------------------------------------------------------------------------
Finished Final Netlist Cleanup
---------------------------------------------------------------------------------
---------------------------------------------------------------------------------
Finished IO Insertion : Time (s): cpu = 00:00:15 ; elapsed = 00:00:20 . Memory (MB): peak = 1878.121 ; gain = 403.562 ; free physical = 3087 ; free virtual = 9269
---------------------------------------------------------------------------------
---------------------------------------------------------------------------------
Start Renaming Generated Instances
---------------------------------------------------------------------------------
---------------------------------------------------------------------------------
Finished Renaming Generated Instances : Time (s): cpu = 00:00:15 ; elapsed = 00:00:20 . Memory (MB): peak = 1878.121 ; gain = 403.562 ; free physical = 3087 ; free virtual = 9269
---------------------------------------------------------------------------------

Report RTL Partitions: 
+-+--------------+------------+----------+
| |RTL Partition |Replication |Instances |
+-+--------------+------------+----------+
+-+--------------+------------+----------+

Report Check Netlist: 
+------+------------------+-------+---------+-------+------------------+
|      |Item              |Errors |Warnings |Status |Description       |
+------+------------------+-------+---------+-------+------------------+
|1     |multi_driven_nets |      0|        0|Passed |Multi driven nets |
+------+------------------+-------+---------+-------+------------------+
---------------------------------------------------------------------------------
Start Rebuilding User Hierarchy
---------------------------------------------------------------------------------
---------------------------------------------------------------------------------
Finished Rebuilding User Hierarchy : Time (s): cpu = 00:00:15 ; elapsed = 00:00:20 . Memory (MB): peak = 1878.121 ; gain = 403.562 ; free physical = 3087 ; free virtual = 9269
---------------------------------------------------------------------------------
---------------------------------------------------------------------------------
Start Renaming Generated Ports
---------------------------------------------------------------------------------
---------------------------------------------------------------------------------
Finished Renaming Generated Ports : Time (s): cpu = 00:00:15 ; elapsed = 00:00:20 . Memory (MB): peak = 1878.121 ; gain = 403.562 ; free physical = 3087 ; free virtual = 9269
---------------------------------------------------------------------------------
---------------------------------------------------------------------------------
Start Handling Custom Attributes
---------------------------------------------------------------------------------
---------------------------------------------------------------------------------
Finished Handling Custom Attributes : Time (s): cpu = 00:00:15 ; elapsed = 00:00:20 . Memory (MB): peak = 1878.121 ; gain = 403.562 ; free physical = 3087 ; free virtual = 9269
---------------------------------------------------------------------------------
---------------------------------------------------------------------------------
Start Renaming Generated Nets
---------------------------------------------------------------------------------
---------------------------------------------------------------------------------
Finished Renaming Generated Nets : Time (s): cpu = 00:00:15 ; elapsed = 00:00:20 . Memory (MB): peak = 1878.121 ; gain = 403.562 ; free physical = 3087 ; free virtual = 9269
---------------------------------------------------------------------------------
---------------------------------------------------------------------------------
Start Writing Synthesis Report
---------------------------------------------------------------------------------

Report BlackBoxes: 
+-+--------------+----------+
| |BlackBox name |Instances |
+-+--------------+----------+
+-+--------------+----------+

Report Cell Usage: 
+------+-------+------+
|      |Cell   |Count |
+------+-------+------+
|1     |BUFG   |     1|
|2     |CARRY4 |     7|
|3     |LUT1   |     1|
|4     |LUT2   |    33|
|5     |LUT3   |     1|
|6     |LUT4   |    10|
|7     |LUT5   |     4|
|8     |LUT6   |     7|
|9     |FDRE   |    45|
|10    |IBUF   |    17|
|11    |OBUF   |    16|
+------+-------+------+

Report Instance Areas: 
+------+--------------+---------+------+
|      |Instance      |Module   |Cells |
+------+--------------+---------+------+
|1     |top           |         |   142|
|2     |  auxBCDtoSeg |BCDtoSeg |    14|
|3     |  auxFreDiv   |mfreDiv  |    70|
|4     |  auxSelAn    |selAn    |    20|
+------+--------------+---------+------+
---------------------------------------------------------------------------------
Finished Writing Synthesis Report : Time (s): cpu = 00:00:15 ; elapsed = 00:00:20 . Memory (MB): peak = 1878.121 ; gain = 403.562 ; free physical = 3087 ; free virtual = 9269
---------------------------------------------------------------------------------
Synthesis finished with 0 errors, 0 critical warnings and 0 warnings.
Synthesis Optimization Runtime : Time (s): cpu = 00:00:15 ; elapsed = 00:00:20 . Memory (MB): peak = 1878.121 ; gain = 403.562 ; free physical = 3089 ; free virtual = 9271
Synthesis Optimization Complete : Time (s): cpu = 00:00:15 ; elapsed = 00:00:20 . Memory (MB): peak = 1878.129 ; gain = 403.562 ; free physical = 3089 ; free virtual = 9271
INFO: [Project 1-571] Translating synthesized netlist
Netlist sorting complete. Time (s): cpu = 00:00:00 ; elapsed = 00:00:00.04 . Memory (MB): peak = 1884.059 ; gain = 0.000 ; free physical = 3139 ; free virtual = 9326
INFO: [Netlist 29-17] Analyzing 7 Unisim elements for replacement
INFO: [Netlist 29-28] Unisim Transformation completed in 0 CPU seconds
INFO: [Project 1-570] Preparing netlist for logic optimization
INFO: [Opt 31-138] Pushed 0 inverter(s) to 0 load pin(s).
Netlist sorting complete. Time (s): cpu = 00:00:00 ; elapsed = 00:00:00 . Memory (MB): peak = 2012.773 ; gain = 0.000 ; free physical = 3048 ; free virtual = 9250
INFO: [Project 1-111] Unisim Transformation Summary:
No Unisim elements were transformed.

INFO: [Common 17-83] Releasing license: Synthesis
19 Infos, 0 Warnings, 0 Critical Warnings and 0 Errors encountered.
synth_design completed successfully
synth_design: Time (s): cpu = 00:00:20 ; elapsed = 00:00:27 . Memory (MB): peak = 2012.773 ; gain = 538.320 ; free physical = 3183 ; free virtual = 9384
Netlist sorting complete. Time (s): cpu = 00:00:00 ; elapsed = 00:00:00 . Memory (MB): peak = 2012.773 ; gain = 0.000 ; free physical = 3183 ; free virtual = 9384
WARNING: [Constraints 18-5210] No constraints selected for write.
Resolution: This message can indicate that there are no constraints for the design, or it can indicate that the used_in flags are set such that the constraints are ignored. This later case is used when running synth_design to not write synthesis constraints to the resulting checkpoint. Instead, project constraints are read when the synthesized design is opened.
INFO: [Common 17-1381] The checkpoint '/home/esteban/digitalI/practices/BCDto4SSeg/BCDto4SSeg.runs/synth_1/selDat.dcp' has been generated.
INFO: [runtcl-4] Executing : report_utilization -file selDat_utilization_synth.rpt -pb selDat_utilization_synth.pb
INFO: [Common 17-206] Exiting Vivado at Sat Apr 11 13:40:02 2020...
